[11-11-2022 10:37:03] ERROR -> Un programme externe bloque les connexions (HTTPSConnectionPool(host='api.openweathermap.org', port=443): Max retries exceeded with url: /data/2.5/weather?APPID=ca34703d746615ba513984e5155d27a7&lang=fr&q=Paris (Caused by SSLError(SSLCertVerificationError(1, '[SSL: CERTIFICATE_VERIFY_FAILED] certificate verify failed: self signed certificate in certificate chain (_ssl.c:992)')))).
[11-11-2022 10:37:27] INFO -> Tweet en cours de publication...
[11-11-2022 10:37:29] INFO -> Tweet publié !
[11-11-2022 10:42:14] INFO -> Tweet en cours de publication...
[11-11-2022 10:42:15] INFO -> Tweet publié !
[11-11-2022 10:44:49] INFO -> Lancement du script automatique pour Paris. Horaires : ['10h45', '', '']
[11-11-2022 10:45:50] INFO -> Tweet en cours de publication...
[11-11-2022 10:45:51] INFO -> Tweet publié !
[11-11-2022 10:48:08] INFO -> Tweet en cours de publication...
[11-11-2022 10:48:09] INFO -> Tweet publié !
[11-11-2022 10:48:14] INFO -> Tweet en cours de publication...
[11-11-2022 10:48:14] ERROR -> Le Tweet que vous essayez de publier existe déjà (403 Forbidden
187 - Status is a duplicate.).
[11-11-2022 10:48:49] INFO -> Tweet en cours de publication...
[11-11-2022 10:48:50] ERROR -> Le Tweet que vous essayez de publier existe déjà (403 Forbidden
187 - Status is a duplicate.).
[11-11-2022 10:48:50] INFO -> Tweet publié !
[11-11-2022 10:48:52] INFO -> Tweet en cours de publication...
[11-11-2022 10:48:52] ERROR -> Le Tweet que vous essayez de publier existe déjà (403 Forbidden
187 - Status is a duplicate.).
[11-11-2022 10:48:53] INFO -> Tweet publié !
[11-11-2022 10:48:59] INFO -> Tweet en cours de publication...
[11-11-2022 10:48:59] ERROR -> Le Tweet que vous essayez de publier existe déjà (403 Forbidden
187 - Status is a duplicate.).
[11-11-2022 10:49:00] INFO -> Tweet publié !
[11-11-2022 10:50:32] INFO -> Tweet en cours de publication...
[11-11-2022 10:50:33] INFO -> Tweet publié !
[11-11-2022 10:50:34] INFO -> Tweet en cours de publication...
[11-11-2022 10:50:34] ERROR -> Le Tweet que vous essayez de publier existe déjà (403 Forbidden
187 - Status is a duplicate.).
[11-11-2022 10:50:35] INFO -> Tweet publié !
[11-11-2022 10:51:51] INFO -> Tweet en cours de publication...
[11-11-2022 10:51:53] INFO -> Tweet publié !
[11-11-2022 10:51:54] INFO -> Tweet en cours de publication...
[11-11-2022 10:51:54] ERROR -> Le Tweet que vous essayez de publier existe déjà (403 Forbidden
187 - Status is a duplicate.).
[11-11-2022 11:10:08] INFO -> Tweet en cours de publication...
[11-11-2022 11:10:08] INFO -> Tweet publié !
[11-11-2022 11:10:10] INFO -> Tweet en cours de publication...
[11-11-2022 11:10:10] ERROR -> Le Tweet que vous essayez de publier existe déjà (403 Forbidden
187 - Status is a duplicate.).
[11-11-2022 11:10:48] INFO -> Tweet en cours de publication...
[11-11-2022 11:10:48] ERROR -> Le Tweet que vous essayez de publier existe déjà (403 Forbidden
187 - Status is a duplicate.).
[11-11-2022 11:10:52] INFO -> Tweet en cours de publication...
[11-11-2022 11:10:52] ERROR -> Le Tweet que vous essayez de publier existe déjà (403 Forbidden
187 - Status is a duplicate.).
[11-11-2022 11:18:23] ERROR -> Veuillez entrez une ville ({"cod":"400","message":"Nothing to geocode"}).
[11-11-2022 11:21:23] ERROR -> Veuillez entrez une ville ({"cod":"400","message":"Nothing to geocode"}).
[11-11-2022 11:21:50] INFO -> Tweet publié !
[11-11-2022 11:21:57] ERROR -> Veuillez entrez une ville ({"cod":"400","message":"Nothing to geocode"}).
[11-11-2022 11:22:00] ERROR -> Veuillez entrez une ville ({"cod":"400","message":"Nothing to geocode"}).
[11-11-2022 11:22:04] ERROR -> La location pour 'efsefsef' n'est pas valide (Unable to find the resource).
[11-11-2022 11:22:50] INFO -> Tweet publié !
[11-11-2022 11:22:56] ERROR -> Le Tweet que vous essayez de publier existe déjà (403 Forbidden
187 - Status is a duplicate.).
[11-11-2022 11:23:33] ERROR -> La location pour 'print('Hello World')' n'est pas valide (Unable to find the resource).
[11-11-2022 11:24:21] INFO -> Lancement du script automatique pour print('Hello World'). Horaires : ['11h25', '', '']
[11-11-2022 11:24:21] ERROR -> La location pour 'print('Hello World')' n'est pas valide (Unable to find the resource).
[11-11-2022 11:25:21] ERROR -> La location pour 'print('Hello World')' n'est pas valide (Unable to find the resource).
[11-11-2022 11:25:21] INFO -> Tweet en cours de publication...
[11-11-2022 11:26:33] INFO -> Lancement du script automatique pour Paris. Horaires : ['11h27', '', '']
[11-11-2022 11:27:33] INFO -> Tweet en cours de publication...
[11-11-2022 11:27:34] INFO -> Tweet publié !
[11-11-2022 11:40:37] WARNING -> Veuillez entrez un nom de ville ({"cod":"400","message":"Nothing to geocode"}).
[11-11-2022 11:40:59] INFO -> Tweet publié !
[11-11-2022 11:43:39] INFO -> Tweet publié !
[11-11-2022 11:45:19] INFO -> Tweet publié !
[11-11-2022 11:45:38] WARNING -> Veuillez entrez un nom de ville ({"cod":"400","message":"Nothing to geocode"}).
[11-11-2022 11:46:31] INFO -> Tweet publié !
[11-11-2022 11:46:39] WARNING -> Le Tweet que vous essayez de publier existe déjà (403 Forbidden
187 - Status is a duplicate.).
[11-11-2022 11:47:25] INFO -> Tweet publié !
[11-11-2022 11:48:01] INFO -> Tweet publié !
[11-11-2022 11:49:02] INFO -> Tweet publié !
[11-11-2022 11:49:20] WARNING -> Le Tweet que vous essayez de publier existe déjà (403 Forbidden
187 - Status is a duplicate.).
[11-11-2022 11:49:37] INFO -> Tweet publié !
[11-11-2022 13:35:44] INFO -> Tweet publié !
[11-11-2022 13:35:47] WARNING -> Le Tweet que vous essayez de publier existe déjà (403 Forbidden
187 - Status is a duplicate.).
[11-11-2022 13:35:48] WARNING -> Le Tweet que vous essayez de publier existe déjà (403 Forbidden
187 - Status is a duplicate.).
[11-11-2022 13:39:33] INFO -> Tweet publié !
[11-11-2022 13:44:10] INFO -> Tweet publié !
[11-11-2022 13:46:08] INFO -> Tweet publié !
[11-11-2022 13:48:38] INFO -> Tweet publié !
[11-11-2022 13:49:02] INFO -> Tweet publié !
[11-11-2022 15:21:10] INFO -> Tweet publié !
[11-11-2022 15:21:40] WARNING -> Le Tweet que vous essayez de publier existe déjà (403 Forbidden
187 - Status is a duplicate.).
[11-11-2022 16:58:25] INFO -> Tweet publié !
[11-11-2022 17:00:47] INFO -> Tweet publié !
[11-11-2022 17:03:37] INFO -> Tweet publié !
[11-11-2022 17:03:56] WARNING -> Le Tweet que vous essayez de publier existe déjà (403 Forbidden
187 - Status is a duplicate.).
[11-11-2022 17:06:24] INFO -> Tweet publié !
[11-11-2022 17:07:12] INFO -> Tweet publié !
[11-11-2022 17:08:05] INFO -> Tweet publié !
[11-11-2022 17:08:39] WARNING -> La location pour 'Montpelier, FR' n'est pas valide (Unable to find the resource).
[11-11-2022 17:09:15] INFO -> Tweet publié !
[11-11-2022 17:10:06] INFO -> Tweet publié !
[11-11-2022 17:10:36] INFO -> Tweet publié !
[11-11-2022 17:10:43] WARNING -> Le Tweet que vous essayez de publier existe déjà (403 Forbidden
187 - Status is a duplicate.).
[11-11-2022 17:11:14] INFO -> Tweet publié !
[11-11-2022 17:12:03] INFO -> Tweet publié !
[11-11-2022 17:12:42] INFO -> Tweet publié !
[11-11-2022 17:17:45] INFO -> Tweet publié !
[11-11-2022 17:17:54] INFO -> Tweet publié !
[11-11-2022 17:19:10] INFO -> Tweet publié !
[11-11-2022 17:19:44] INFO -> Tweet publié !
[11-11-2022 17:20:23] INFO -> Tweet publié !
[11-11-2022 18:09:32] INFO -> Tweet publié !
[11-11-2022 18:24:35] INFO -> Tweet publié !
[11-11-2022 18:24:44] WARNING -> Le Tweet que vous essayez de publier existe déjà (403 Forbidden
187 - Status is a duplicate.).
[11-11-2022 18:26:41] INFO -> Tweet publié !
[11-11-2022 18:30:58] INFO -> Tweet publié !
[11-11-2022 18:34:58] INFO -> Tweet publié !
[11-11-2022 18:35:13] INFO -> Tweet publié !
[11-11-2022 18:36:17] INFO -> Tweet publié !
[11-11-2022 18:37:33] INFO -> Tweet publié !
[11-11-2022 18:41:09] INFO -> Lancement du script automatique pour Londes. Horaires : ['09h00', '', '']
[11-11-2022 18:41:09] WARNING -> La location pour 'Londes' n'est pas valide (Unable to find the resource).
[11-11-2022 18:42:27] INFO -> Lancement du script automatique pour Londres. Horaires : ['09h00', '', '']
[11-11-2022 18:46:04] INFO -> Lancement du script automatique pour Paris. Horaires : ['09h00', '', '']
[11-11-2022 18:47:15] INFO -> Lancement du script automatique pour Paris. Horaires : ['09h00', '', '']
[11-11-2022 18:50:06] INFO -> Lancement du script automatique pour Paris. Horaires : ['09h00', '', '']
[11-11-2022 18:52:04] INFO -> Lancement du script automatique pour Paris. Horaires : ['09h00', '', '']
[11-11-2022 18:54:45] INFO -> Lancement du script automatique pour Paris. Horaires : ['09h00', '', '']
[11-11-2022 18:57:06] INFO -> Lancement du script automatique pour Paris. Horaires : ['09h00', '', '']
